<?xml version="1.0" encoding="UTF-8"?>
<!-- Generated by org.testng.reporters.JUnitReportReporter -->
<testsuite hostname="DESKTOP-68174K6" name="test.AmzonSearchProductTest" tests="2" failures="0" timestamp="18 Jul 2021 18:06:27 GMT" time="29.038" errors="0">
  <testcase name="searchProduct" time="12.930" classname="test.AmzonSearchProductTest"/>
  <testcase name="searchProduct" time="16.108" classname="test.AmzonSearchProductTest"/>
</testsuite> <!-- test.AmzonSearchProductTest -->
