<?xml version="1.0" encoding="UTF-8"?>
<!-- Generated by org.testng.reporters.JUnitReportReporter -->
<testsuite hostname="DESKTOP-6OB3PK9" name="test.AmzonSearchProductTest" tests="1" failures="0" timestamp="8 Feb 2021 19:03:45 GMT" time="59.227" errors="0">
  <testcase name="searchProduct" time="59.227" classname="test.AmzonSearchProductTest"/>
</testsuite> <!-- test.AmzonSearchProductTest -->
