<?xml version="1.0" encoding="UTF-8"?>
<!-- Generated by org.testng.reporters.JUnitReportReporter -->
<testsuite hostname="DESKTOP-68174K6" name="test.FlipkartProductSearchTest" tests="1" failures="0" timestamp="18 Jul 2021 18:06:27 GMT" time="10.934" errors="0">
  <testcase name="searchProduct" time="10.934" classname="test.FlipkartProductSearchTest"/>
</testsuite> <!-- test.FlipkartProductSearchTest -->
