<?xml version="1.0" encoding="UTF-8"?>
<!-- Generated by org.testng.reporters.JUnitReportReporter -->
<testsuite hostname="DESKTOP-6OB3PK9" name="test.FlipkartProductSearchTest" tests="1" failures="0" timestamp="13 Feb 2021 11:31:47 GMT" time="41.556" errors="0">
  <testcase name="searchProduct" time="41.556" classname="test.FlipkartProductSearchTest"/>
</testsuite> <!-- test.FlipkartProductSearchTest -->
