<?xml version="1.0" encoding="UTF-8"?>
<!-- Generated by org.testng.reporters.JUnitReportReporter -->
<testsuite hostname="DESKTOP-6OB3PK9" name="test.FlipkartProductSearchTest" tests="1" failures="0" timestamp="14 Mar 2021 17:56:40 GMT" time="14.176" errors="0">
  <testcase name="searchProduct" time="14.176" classname="test.FlipkartProductSearchTest"/>
</testsuite> <!-- test.FlipkartProductSearchTest -->
