<?xml version="1.0" encoding="UTF-8"?>
<!-- Generated by org.testng.reporters.JUnitReportReporter -->
<testsuite hostname="DESKTOP-6OB3PK9" name="test.AmzonSearchProductTest" tests="2" failures="0" timestamp="14 Mar 2021 17:56:40 GMT" time="49.415" errors="0">
  <testcase name="searchProduct" time="31.949" classname="test.AmzonSearchProductTest"/>
  <testcase name="searchProduct" time="17.466" classname="test.AmzonSearchProductTest"/>
</testsuite> <!-- test.AmzonSearchProductTest -->
