<?xml version="1.0" encoding="UTF-8"?>
<!-- Generated by org.testng.reporters.JUnitReportReporter -->
<testsuite hostname="LIN51011710" failures="0" tests="2" name="test.AmzonSearchProductTest" time="15.343" errors="0" timestamp="2022-01-30T00:13:55 IST" skipped="0">
  <testcase classname="test.AmzonSearchProductTest" name="searchProductFlipkart" time="7.105"/>
  <system-out/>
  <testcase classname="test.AmzonSearchProductTest" name="searchProductAmazon" time="8.238"/>
  <system-out/>
</testsuite> <!-- test.AmzonSearchProductTest -->
