<?xml version="1.0" encoding="UTF-8"?>
<!-- Generated by org.testng.reporters.JUnitReportReporter -->
<testsuite hostname="DESKTOP-68174K6" name="test.AmzonSearchProductTest" tests="2" failures="0" timestamp="14 May 2021 15:50:33 GMT" time="25.484" errors="0">
  <testcase name="searchProduct" time="12.778" classname="test.AmzonSearchProductTest"/>
  <testcase name="searchProduct" time="12.706" classname="test.AmzonSearchProductTest"/>
</testsuite> <!-- test.AmzonSearchProductTest -->
