<?xml version="1.0" encoding="UTF-8"?>
<!-- Generated by org.testng.reporters.JUnitReportReporter -->
<testsuite hostname="DESKTOP-68174K6" name="test.FlipkartProductSearchTest" tests="1" failures="0" timestamp="14 May 2021 15:50:33 GMT" time="14.425" errors="0">
  <testcase name="searchProduct" time="14.425" classname="test.FlipkartProductSearchTest"/>
</testsuite> <!-- test.FlipkartProductSearchTest -->
