<?xml version="1.0" encoding="UTF-8"?>
<!-- Generated by org.testng.reporters.JUnitReportReporter -->
<testsuite hostname="LIN51011710" failures="0" tests="1" name="test.FlipkartProductSearchTest" time="5.398" errors="0" timestamp="21 Jul 2021 16:08:46 GMT" skipped="0">
  <testcase classname="test.FlipkartProductSearchTest" name="searchProductFlipkart" time="5.398"/>
</testsuite> <!-- test.FlipkartProductSearchTest -->
